<?xml version="1.0" encoding="UTF-8"?>
<testng-results ignored="0" total="2" passed="2" failed="0" skipped="0">
  <reporter-output>
  </reporter-output>
  <suite started-at="2022-04-27T15:25:27 IST" name="Default suite" finished-at="2022-04-27T15:26:05 IST" duration-ms="38315">
    <groups>
    </groups>
    <test started-at="2022-04-27T15:25:27 IST" name="Default test" finished-at="2022-04-27T15:26:05 IST" duration-ms="38315">
      <class name="com.crm.qa.tests.LoginPageTest">
        <test-method is-config="true" signature="loginsetup()[pri:0, instance:com.crm.qa.tests.LoginPageTest@1151e434]" started-at="2022-04-27T15:25:27 IST" name="loginsetup" finished-at="2022-04-27T15:25:40 IST" duration-ms="12486" status="PASS">
          <reporter-output>
          </reporter-output>
        </test-method> <!-- loginsetup -->
        <test-method signature="validatelogotest()[pri:1, instance:com.crm.qa.tests.LoginPageTest@1151e434]" started-at="2022-04-27T15:25:40 IST" name="validatelogotest" finished-at="2022-04-27T15:25:40 IST" duration-ms="27" status="PASS">
          <reporter-output>
          </reporter-output>
        </test-method> <!-- validatelogotest -->
        <test-method is-config="true" signature="teardown()[pri:0, instance:com.crm.qa.tests.LoginPageTest@1151e434]" started-at="2022-04-27T15:25:40 IST" name="teardown" finished-at="2022-04-27T15:25:41 IST" duration-ms="1666" status="PASS">
          <reporter-output>
          </reporter-output>
        </test-method> <!-- teardown -->
        <test-method is-config="true" signature="loginsetup()[pri:0, instance:com.crm.qa.tests.LoginPageTest@1151e434]" started-at="2022-04-27T15:25:41 IST" name="loginsetup" finished-at="2022-04-27T15:25:53 IST" duration-ms="11244" status="PASS">
          <reporter-output>
          </reporter-output>
        </test-method> <!-- loginsetup -->
        <test-method signature="LoginTest()[pri:2, instance:com.crm.qa.tests.LoginPageTest@1151e434]" started-at="2022-04-27T15:25:53 IST" name="LoginTest" finished-at="2022-04-27T15:26:03 IST" duration-ms="10555" status="PASS">
          <reporter-output>
          </reporter-output>
        </test-method> <!-- LoginTest -->
        <test-method is-config="true" signature="teardown()[pri:0, instance:com.crm.qa.tests.LoginPageTest@1151e434]" started-at="2022-04-27T15:26:03 IST" name="teardown" finished-at="2022-04-27T15:26:05 IST" duration-ms="2237" status="PASS">
          <reporter-output>
          </reporter-output>
        </test-method> <!-- teardown -->
      </class> <!-- com.crm.qa.tests.LoginPageTest -->
    </test> <!-- Default test -->
  </suite> <!-- Default suite -->
</testng-results>
